Mar 10, 2014 10:21:04 AM org.apache.solr.servlet.SolrDispatchFilter init
INFO: SolrDispatchFilter.init()
Mar 10, 2014 10:21:04 AM org.apache.solr.core.SolrResourceLoader locateSolrHome
INFO: JNDI not configured for solr (NoInitialContextEx)
Mar 10, 2014 10:21:04 AM org.apache.solr.core.SolrResourceLoader locateSolrHome
INFO: using system property solr.solr.home: /home/warren/SwapadopRails/solr
Mar 10, 2014 10:21:04 AM org.apache.solr.core.CoreContainer$Initializer initialize
INFO: looking for solr.xml: /home/warren/SwapadopRails/solr/solr.xml
Mar 10, 2014 10:21:04 AM org.apache.solr.core.CoreContainer <init>
INFO: New CoreContainer 9421886
Mar 10, 2014 10:21:04 AM org.apache.solr.core.CoreContainer load
INFO: Loading CoreContainer using Solr Home: '/home/warren/SwapadopRails/solr/'
Mar 10, 2014 10:21:04 AM org.apache.solr.core.SolrResourceLoader <init>
INFO: new SolrResourceLoader for directory: '/home/warren/SwapadopRails/solr/'
Mar 10, 2014 10:21:06 AM org.apache.solr.handler.component.HttpShardHandlerFactory getParameter
INFO: Setting socketTimeout to: 0
Mar 10, 2014 10:21:06 AM org.apache.solr.handler.component.HttpShardHandlerFactory getParameter
INFO: Setting urlScheme to: http://
Mar 10, 2014 10:21:06 AM org.apache.solr.handler.component.HttpShardHandlerFactory getParameter
INFO: Setting connTimeout to: 0
Mar 10, 2014 10:21:06 AM org.apache.solr.handler.component.HttpShardHandlerFactory getParameter
INFO: Setting maxConnectionsPerHost to: 20
Mar 10, 2014 10:21:06 AM org.apache.solr.handler.component.HttpShardHandlerFactory getParameter
INFO: Setting corePoolSize to: 0
Mar 10, 2014 10:21:06 AM org.apache.solr.handler.component.HttpShardHandlerFactory getParameter
INFO: Setting maximumPoolSize to: 2147483647
Mar 10, 2014 10:21:06 AM org.apache.solr.handler.component.HttpShardHandlerFactory getParameter
INFO: Setting maxThreadIdleTime to: 5
Mar 10, 2014 10:21:06 AM org.apache.solr.handler.component.HttpShardHandlerFactory getParameter
INFO: Setting sizeOfQueue to: -1
Mar 10, 2014 10:21:06 AM org.apache.solr.handler.component.HttpShardHandlerFactory getParameter
INFO: Setting fairnessPolicy to: false
Mar 10, 2014 10:21:06 AM org.apache.solr.client.solrj.impl.HttpClientUtil createClient
INFO: Creating new http client, config:maxConnectionsPerHost=20&maxConnections=10000&socketTimeout=0&connTimeout=0&retry=false
Mar 10, 2014 10:21:06 AM org.apache.solr.core.CoreContainer load
INFO: Registering Log Listener
Mar 10, 2014 10:21:06 AM org.apache.solr.core.CoreContainer create
INFO: Creating SolrCore 'default' using instanceDir: /home/warren/SwapadopRails/solr/.
Mar 10, 2014 10:21:06 AM org.apache.solr.core.CoreContainer create
INFO: Creating SolrCore 'test' using instanceDir: /home/warren/SwapadopRails/solr/.
Mar 10, 2014 10:21:06 AM org.apache.solr.core.CoreContainer create
INFO: Creating SolrCore 'development' using instanceDir: /home/warren/SwapadopRails/solr/.
Mar 10, 2014 10:21:06 AM org.apache.solr.core.SolrResourceLoader <init>
INFO: new SolrResourceLoader for directory: '/home/warren/SwapadopRails/solr/./'
Mar 10, 2014 10:21:06 AM org.apache.solr.core.SolrResourceLoader <init>
INFO: new SolrResourceLoader for directory: '/home/warren/SwapadopRails/solr/./'
Mar 10, 2014 10:21:06 AM org.apache.solr.core.SolrResourceLoader <init>
INFO: new SolrResourceLoader for directory: '/home/warren/SwapadopRails/solr/./'
Mar 10, 2014 10:21:07 AM org.apache.solr.core.SolrConfig <init>
INFO: Using Lucene MatchVersion: LUCENE_41
Mar 10, 2014 10:21:07 AM org.apache.solr.core.SolrConfig <init>
INFO: Using Lucene MatchVersion: LUCENE_41
Mar 10, 2014 10:21:07 AM org.apache.solr.core.SolrConfig <init>
INFO: Using Lucene MatchVersion: LUCENE_41
Mar 10, 2014 10:21:07 AM org.apache.solr.core.SolrConfig <init>
INFO: Loaded SolrConfig: solrconfig.xml
Mar 10, 2014 10:21:07 AM org.apache.solr.core.SolrConfig <init>
INFO: Loaded SolrConfig: solrconfig.xml
Mar 10, 2014 10:21:07 AM org.apache.solr.schema.IndexSchema readSchema
INFO: Reading Solr Schema
Mar 10, 2014 10:21:07 AM org.apache.solr.schema.IndexSchema readSchema
INFO: Reading Solr Schema
Mar 10, 2014 10:21:07 AM org.apache.solr.core.SolrConfig <init>
INFO: Loaded SolrConfig: solrconfig.xml
Mar 10, 2014 10:21:07 AM org.apache.solr.schema.IndexSchema readSchema
INFO: Reading Solr Schema
Mar 10, 2014 10:21:08 AM org.apache.solr.schema.IndexSchema readSchema
INFO: Schema name=sunspot
Mar 10, 2014 10:21:08 AM org.apache.solr.schema.IndexSchema readSchema
INFO: Schema name=sunspot
Mar 10, 2014 10:21:08 AM org.apache.solr.schema.IndexSchema readSchema
INFO: Schema name=sunspot
Mar 10, 2014 10:21:08 AM org.apache.solr.schema.IndexSchema readSchema
INFO: default search field in schema is text
Mar 10, 2014 10:21:08 AM org.apache.solr.schema.IndexSchema readSchema
INFO: default search field in schema is text
Mar 10, 2014 10:21:08 AM org.apache.solr.schema.IndexSchema readSchema
INFO: query parser default operator is AND
Mar 10, 2014 10:21:08 AM org.apache.solr.schema.IndexSchema readSchema
INFO: default search field in schema is text
Mar 10, 2014 10:21:08 AM org.apache.solr.schema.IndexSchema readSchema
INFO: query parser default operator is AND
Mar 10, 2014 10:21:09 AM org.apache.solr.schema.IndexSchema readSchema
INFO: query parser default operator is AND
Mar 10, 2014 10:21:09 AM org.apache.solr.schema.IndexSchema readSchema
INFO: unique key field: id
Mar 10, 2014 10:21:09 AM org.apache.solr.schema.IndexSchema readSchema
INFO: unique key field: id
Mar 10, 2014 10:21:09 AM org.apache.solr.schema.IndexSchema readSchema
INFO: unique key field: id
Mar 10, 2014 10:21:09 AM org.apache.solr.core.SolrCore <init>
INFO: [test] Opening new SolrCore at /home/warren/SwapadopRails/solr/./, dataDir=/home/warren/SwapadopRails/solr/./test/data/
Mar 10, 2014 10:21:09 AM org.apache.solr.core.SolrCore <init>
INFO: JMX monitoring not detected for core: test
Mar 10, 2014 10:21:09 AM org.apache.solr.core.SolrCore <init>
INFO: [development] Opening new SolrCore at /home/warren/SwapadopRails/solr/./, dataDir=/home/warren/SwapadopRails/solr/./development/data/
Mar 10, 2014 10:21:09 AM org.apache.solr.core.SolrCore <init>
INFO: JMX monitoring not detected for core: development
Mar 10, 2014 10:21:09 AM org.apache.solr.core.SolrCore <init>
INFO: [default] Opening new SolrCore at /home/warren/SwapadopRails/solr/./, dataDir=/home/warren/SwapadopRails/solr/./default/data/
Mar 10, 2014 10:21:09 AM org.apache.solr.core.SolrCore <init>
INFO: JMX monitoring not detected for core: default
Mar 10, 2014 10:21:09 AM org.apache.solr.core.SolrCore initDirectoryFactory
INFO: solr.NRTCachingDirectoryFactory
Mar 10, 2014 10:21:09 AM org.apache.solr.core.SolrCore initDirectoryFactory
INFO: solr.NRTCachingDirectoryFactory
Mar 10, 2014 10:21:09 AM org.apache.solr.core.SolrCore initDirectoryFactory
INFO: solr.NRTCachingDirectoryFactory
Mar 10, 2014 10:21:09 AM org.apache.solr.core.CachingDirectoryFactory get
INFO: return new directory for /home/warren/SwapadopRails/solr/./development/data forceNew: false
Mar 10, 2014 10:21:09 AM org.apache.solr.core.CachingDirectoryFactory get
INFO: return new directory for /home/warren/SwapadopRails/solr/./test/data forceNew: false
Mar 10, 2014 10:21:09 AM org.apache.solr.core.CachingDirectoryFactory get
INFO: return new directory for /home/warren/SwapadopRails/solr/./default/data forceNew: false
Mar 10, 2014 10:21:09 AM org.apache.solr.core.SolrCore getNewIndexDir
INFO: New index directory detected: old=null new=/home/warren/SwapadopRails/solr/./default/data/index/
Mar 10, 2014 10:21:09 AM org.apache.solr.core.CachingDirectoryFactory get
INFO: return new directory for /home/warren/SwapadopRails/solr/./default/data/index forceNew: false
Mar 10, 2014 10:21:09 AM org.apache.solr.core.SolrCore getNewIndexDir
INFO: New index directory detected: old=null new=/home/warren/SwapadopRails/solr/./test/data/index/
Mar 10, 2014 10:21:09 AM org.apache.solr.core.CachingDirectoryFactory get
INFO: return new directory for /home/warren/SwapadopRails/solr/./test/data/index forceNew: false
Mar 10, 2014 10:21:09 AM org.apache.solr.core.SolrCore getNewIndexDir
INFO: New index directory detected: old=null new=/home/warren/SwapadopRails/solr/./development/data/index/
Mar 10, 2014 10:21:09 AM org.apache.solr.core.CachingDirectoryFactory get
INFO: return new directory for /home/warren/SwapadopRails/solr/./development/data/index forceNew: false
Mar 10, 2014 10:21:09 AM org.apache.solr.core.RequestHandlers initHandlersFromConfig
INFO: created /select: solr.SearchHandler
Mar 10, 2014 10:21:09 AM org.apache.solr.core.RequestHandlers initHandlersFromConfig
INFO: created /query: solr.SearchHandler
Mar 10, 2014 10:21:09 AM org.apache.solr.core.RequestHandlers initHandlersFromConfig
INFO: created /select: solr.SearchHandler
Mar 10, 2014 10:21:09 AM org.apache.solr.core.RequestHandlers initHandlersFromConfig
INFO: created /query: solr.SearchHandler
Mar 10, 2014 10:21:09 AM org.apache.solr.core.RequestHandlers initHandlersFromConfig
INFO: created /get: solr.RealTimeGetHandler
Mar 10, 2014 10:21:09 AM org.apache.solr.core.RequestHandlers initHandlersFromConfig
INFO: created /get: solr.RealTimeGetHandler
Mar 10, 2014 10:21:09 AM org.apache.solr.core.RequestHandlers initHandlersFromConfig
INFO: created /select: solr.SearchHandler
Mar 10, 2014 10:21:09 AM org.apache.solr.core.RequestHandlers initHandlersFromConfig
INFO: created /query: solr.SearchHandler
Mar 10, 2014 10:21:09 AM org.apache.solr.core.RequestHandlers initHandlersFromConfig
INFO: created /get: solr.RealTimeGetHandler
Mar 10, 2014 10:21:09 AM org.apache.solr.core.RequestHandlers initHandlersFromConfig
INFO: created /update: solr.UpdateRequestHandler
Mar 10, 2014 10:21:09 AM org.apache.solr.core.RequestHandlers initHandlersFromConfig
INFO: created /update: solr.UpdateRequestHandler
Mar 10, 2014 10:21:09 AM org.apache.solr.core.RequestHandlers initHandlersFromConfig
INFO: created /update: solr.UpdateRequestHandler
Mar 10, 2014 10:21:09 AM org.apache.solr.core.RequestHandlers initHandlersFromConfig
INFO: created /update/json: solr.JsonUpdateRequestHandler
Mar 10, 2014 10:21:09 AM org.apache.solr.core.RequestHandlers initHandlersFromConfig
INFO: created /update/json: solr.JsonUpdateRequestHandler
Mar 10, 2014 10:21:09 AM org.apache.solr.core.RequestHandlers initHandlersFromConfig
INFO: created /update/csv: solr.CSVRequestHandler
Mar 10, 2014 10:21:09 AM org.apache.solr.core.RequestHandlers initHandlersFromConfig
INFO: adding lazy requestHandler: solr.extraction.ExtractingRequestHandler
Mar 10, 2014 10:21:09 AM org.apache.solr.core.RequestHandlers initHandlersFromConfig
INFO: created /update/extract: solr.extraction.ExtractingRequestHandler
Mar 10, 2014 10:21:09 AM org.apache.solr.core.RequestHandlers initHandlersFromConfig
INFO: created /update/csv: solr.CSVRequestHandler
Mar 10, 2014 10:21:09 AM org.apache.solr.core.RequestHandlers initHandlersFromConfig
INFO: adding lazy requestHandler: solr.extraction.ExtractingRequestHandler
Mar 10, 2014 10:21:09 AM org.apache.solr.core.RequestHandlers initHandlersFromConfig
INFO: created /update/extract: solr.extraction.ExtractingRequestHandler
Mar 10, 2014 10:21:09 AM org.apache.solr.core.RequestHandlers initHandlersFromConfig
INFO: adding lazy requestHandler: solr.FieldAnalysisRequestHandler
Mar 10, 2014 10:21:09 AM org.apache.solr.core.RequestHandlers initHandlersFromConfig
INFO: created /analysis/field: solr.FieldAnalysisRequestHandler
Mar 10, 2014 10:21:09 AM org.apache.solr.core.RequestHandlers initHandlersFromConfig
INFO: adding lazy requestHandler: solr.DocumentAnalysisRequestHandler
Mar 10, 2014 10:21:09 AM org.apache.solr.core.RequestHandlers initHandlersFromConfig
INFO: created /analysis/document: solr.DocumentAnalysisRequestHandler
Mar 10, 2014 10:21:09 AM org.apache.solr.core.RequestHandlers initHandlersFromConfig
INFO: created /update/json: solr.JsonUpdateRequestHandler
Mar 10, 2014 10:21:09 AM org.apache.solr.core.RequestHandlers initHandlersFromConfig
INFO: created /update/csv: solr.CSVRequestHandler
Mar 10, 2014 10:21:09 AM org.apache.solr.core.RequestHandlers initHandlersFromConfig
INFO: adding lazy requestHandler: solr.extraction.ExtractingRequestHandler
Mar 10, 2014 10:21:09 AM org.apache.solr.core.RequestHandlers initHandlersFromConfig
INFO: created /update/extract: solr.extraction.ExtractingRequestHandler
Mar 10, 2014 10:21:09 AM org.apache.solr.core.RequestHandlers initHandlersFromConfig
INFO: adding lazy requestHandler: solr.FieldAnalysisRequestHandler
Mar 10, 2014 10:21:09 AM org.apache.solr.core.RequestHandlers initHandlersFromConfig
INFO: created /analysis/field: solr.FieldAnalysisRequestHandler
Mar 10, 2014 10:21:09 AM org.apache.solr.core.RequestHandlers initHandlersFromConfig
INFO: adding lazy requestHandler: solr.DocumentAnalysisRequestHandler
Mar 10, 2014 10:21:09 AM org.apache.solr.core.RequestHandlers initHandlersFromConfig
INFO: created /analysis/document: solr.DocumentAnalysisRequestHandler
Mar 10, 2014 10:21:09 AM org.apache.solr.core.RequestHandlers initHandlersFromConfig
INFO: adding lazy requestHandler: solr.FieldAnalysisRequestHandler
Mar 10, 2014 10:21:09 AM org.apache.solr.core.RequestHandlers initHandlersFromConfig
INFO: created /analysis/field: solr.FieldAnalysisRequestHandler
Mar 10, 2014 10:21:09 AM org.apache.solr.core.RequestHandlers initHandlersFromConfig
INFO: adding lazy requestHandler: solr.DocumentAnalysisRequestHandler
Mar 10, 2014 10:21:09 AM org.apache.solr.core.RequestHandlers initHandlersFromConfig
INFO: created /analysis/document: solr.DocumentAnalysisRequestHandler
Mar 10, 2014 10:21:09 AM org.apache.solr.core.RequestHandlers initHandlersFromConfig
INFO: created /admin/ping: solr.PingRequestHandler
Mar 10, 2014 10:21:09 AM org.apache.solr.core.RequestHandlers initHandlersFromConfig
INFO: created /admin/ping: solr.PingRequestHandler
Mar 10, 2014 10:21:09 AM org.apache.solr.core.RequestHandlers initHandlersFromConfig
INFO: created /admin/ping: solr.PingRequestHandler
Mar 10, 2014 10:21:09 AM org.apache.solr.core.RequestHandlers initHandlersFromConfig
INFO: created /debug/dump: solr.DumpRequestHandler
Mar 10, 2014 10:21:09 AM org.apache.solr.core.RequestHandlers initHandlersFromConfig
INFO: created /debug/dump: solr.DumpRequestHandler
Mar 10, 2014 10:21:09 AM org.apache.solr.core.RequestHandlers initHandlersFromConfig
INFO: created /debug/dump: solr.DumpRequestHandler
Mar 10, 2014 10:21:09 AM org.apache.solr.core.RequestHandlers initHandlersFromConfig
INFO: created /replication: solr.ReplicationHandler
Mar 10, 2014 10:21:09 AM org.apache.solr.core.RequestHandlers initHandlersFromConfig
INFO: created /replication: solr.ReplicationHandler
Mar 10, 2014 10:21:09 AM org.apache.solr.core.RequestHandlers initHandlersFromConfig
INFO: created /replication: solr.ReplicationHandler
Mar 10, 2014 10:21:09 AM org.apache.solr.core.RequestHandlers initHandlersFromConfig
INFO: created /mlt: solr.MoreLikeThisHandler
Mar 10, 2014 10:21:09 AM org.apache.solr.core.RequestHandlers initHandlersFromConfig
INFO: created /mlt: solr.MoreLikeThisHandler
Mar 10, 2014 10:21:09 AM org.apache.solr.core.RequestHandlers initHandlersFromConfig
INFO: created /mlt: solr.MoreLikeThisHandler
Mar 10, 2014 10:21:09 AM org.apache.solr.core.RequestHandlers initHandlersFromConfig
INFO: created /admin/: solr.admin.AdminHandlers
Mar 10, 2014 10:21:09 AM org.apache.solr.core.RequestHandlers initHandlersFromConfig
INFO: created /admin/: solr.admin.AdminHandlers
Mar 10, 2014 10:21:09 AM org.apache.solr.core.RequestHandlers initHandlersFromConfig
INFO: created /admin/: solr.admin.AdminHandlers
Mar 10, 2014 10:21:09 AM org.apache.solr.handler.loader.XMLLoader init
INFO: xsltCacheLifetimeSeconds=60
Mar 10, 2014 10:21:09 AM org.apache.solr.handler.loader.XMLLoader init
INFO: xsltCacheLifetimeSeconds=60
Mar 10, 2014 10:21:09 AM org.apache.solr.handler.loader.XMLLoader init
INFO: xsltCacheLifetimeSeconds=60
Mar 10, 2014 10:21:09 AM org.apache.solr.handler.loader.XMLLoader init
INFO: xsltCacheLifetimeSeconds=60
Mar 10, 2014 10:21:09 AM org.apache.solr.handler.loader.XMLLoader init
INFO: xsltCacheLifetimeSeconds=60
Mar 10, 2014 10:21:09 AM org.apache.solr.handler.loader.XMLLoader init
INFO: xsltCacheLifetimeSeconds=60
Mar 10, 2014 10:21:09 AM org.apache.solr.handler.loader.XMLLoader init
INFO: xsltCacheLifetimeSeconds=60
Mar 10, 2014 10:21:09 AM org.apache.solr.handler.loader.XMLLoader init
INFO: xsltCacheLifetimeSeconds=60
Mar 10, 2014 10:21:09 AM org.apache.solr.handler.loader.XMLLoader init
INFO: xsltCacheLifetimeSeconds=60
Mar 10, 2014 10:21:10 AM org.apache.solr.search.SolrIndexSearcher <init>
INFO: Opening Searcher@1de4e31 main
Mar 10, 2014 10:21:10 AM org.apache.solr.search.SolrIndexSearcher <init>
INFO: Opening Searcher@1b98544 main
Mar 10, 2014 10:21:10 AM org.apache.solr.update.CommitTracker <init>
INFO: Hard AutoCommit: if uncommited for 15000ms; 
Mar 10, 2014 10:21:10 AM org.apache.solr.update.CommitTracker <init>
INFO: Soft AutoCommit: if uncommited for 5000ms; 
Mar 10, 2014 10:21:10 AM org.apache.solr.handler.component.SpellCheckComponent inform
INFO: Initializing spell checkers
Mar 10, 2014 10:21:10 AM org.apache.solr.update.CommitTracker <init>
INFO: Hard AutoCommit: if uncommited for 15000ms; 
Mar 10, 2014 10:21:10 AM org.apache.solr.update.CommitTracker <init>
INFO: Soft AutoCommit: if uncommited for 5000ms; 
Mar 10, 2014 10:21:10 AM org.apache.solr.handler.component.SpellCheckComponent inform
INFO: Initializing spell checkers
Mar 10, 2014 10:21:10 AM org.apache.solr.spelling.DirectSolrSpellChecker init
INFO: init: {name=default,field=name,classname=solr.DirectSolrSpellChecker,distanceMeasure=internal,accuracy=0.5,maxEdits=2,minPrefix=1,maxInspections=5,minQueryLength=4,maxQueryFrequency=0.01}
Mar 10, 2014 10:21:10 AM org.apache.solr.spelling.DirectSolrSpellChecker init
INFO: init: {name=default,field=name,classname=solr.DirectSolrSpellChecker,distanceMeasure=internal,accuracy=0.5,maxEdits=2,minPrefix=1,maxInspections=5,minQueryLength=4,maxQueryFrequency=0.01}
Mar 10, 2014 10:21:10 AM org.apache.solr.handler.component.SpellCheckComponent inform
INFO: No queryConverter defined, using default converter
Mar 10, 2014 10:21:10 AM org.apache.solr.handler.component.SpellCheckComponent inform
INFO: No queryConverter defined, using default converter
Mar 10, 2014 10:21:10 AM org.apache.solr.handler.ReplicationHandler inform
INFO: Commits will be reserved for  10000
Mar 10, 2014 10:21:10 AM org.apache.solr.handler.ReplicationHandler inform
INFO: Commits will be reserved for  10000
Mar 10, 2014 10:21:10 AM org.apache.solr.core.SolrCore registerSearcher
INFO: [default] Registered new searcher Searcher@1de4e31 main{StandardDirectoryReader(segments_1:1)}
Mar 10, 2014 10:21:10 AM org.apache.solr.core.CoreContainer registerCore
INFO: registering core: default
Mar 10, 2014 10:21:10 AM org.apache.solr.core.SolrCore registerSearcher
INFO: [test] Registered new searcher Searcher@1b98544 main{StandardDirectoryReader(segments_1:1)}
Mar 10, 2014 10:21:10 AM org.apache.solr.core.CoreContainer registerCore
INFO: registering core: test
Mar 10, 2014 10:21:10 AM org.apache.solr.search.SolrIndexSearcher <init>
INFO: Opening Searcher@6ff14a main
Mar 10, 2014 10:21:10 AM org.apache.solr.update.CommitTracker <init>
INFO: Hard AutoCommit: if uncommited for 15000ms; 
Mar 10, 2014 10:21:10 AM org.apache.solr.update.CommitTracker <init>
INFO: Soft AutoCommit: if uncommited for 5000ms; 
Mar 10, 2014 10:21:10 AM org.apache.solr.handler.component.SpellCheckComponent inform
INFO: Initializing spell checkers
Mar 10, 2014 10:21:10 AM org.apache.solr.spelling.DirectSolrSpellChecker init
INFO: init: {name=default,field=name,classname=solr.DirectSolrSpellChecker,distanceMeasure=internal,accuracy=0.5,maxEdits=2,minPrefix=1,maxInspections=5,minQueryLength=4,maxQueryFrequency=0.01}
Mar 10, 2014 10:21:10 AM org.apache.solr.handler.component.SpellCheckComponent inform
INFO: No queryConverter defined, using default converter
Mar 10, 2014 10:21:10 AM org.apache.solr.handler.ReplicationHandler inform
INFO: Commits will be reserved for  10000
Mar 10, 2014 10:21:10 AM org.apache.solr.core.SolrCore registerSearcher
INFO: [development] Registered new searcher Searcher@6ff14a main{StandardDirectoryReader(segments_5:11 _1(4.2):C5)}
Mar 10, 2014 10:21:10 AM org.apache.solr.core.CoreContainer registerCore
INFO: registering core: development
Mar 10, 2014 10:21:10 AM org.apache.solr.servlet.SolrDispatchFilter init
INFO: user.dir=/home/warren/.rvm/gems/ruby-2.0.0-p353/gems/sunspot_solr-2.1.0/solr
Mar 10, 2014 10:21:10 AM org.apache.solr.servlet.SolrDispatchFilter init
INFO: SolrDispatchFilter.init() done
Mar 10, 2014 10:21:41 AM org.apache.solr.core.SolrCore execute
INFO: [development] webapp=/solr path=/select params={fl=*+score&start=0&q=thang&qf=title_text&wt=ruby&fq=type:Item&rows=30&defType=edismax} hits=3 status=0 QTime=971 
Mar 10, 2014 10:21:53 AM org.apache.solr.core.SolrCore execute
INFO: [development] webapp=/solr path=/select params={start=0&q=*:*&wt=ruby&fq=type:Item&rows=30} hits=5 status=0 QTime=11 
Mar 10, 2014 10:21:54 AM org.apache.solr.core.SolrCore execute
INFO: [development] webapp=/solr path=/select params={start=0&q=*:*&wt=ruby&fq=type:Item&rows=30} hits=5 status=0 QTime=1 
Mar 10, 2014 10:22:19 AM org.apache.solr.core.SolrCore execute
INFO: [development] webapp=/solr path=/select params={start=0&q=*:*&wt=ruby&fq=type:Item&rows=30} hits=5 status=0 QTime=2 
Mar 10, 2014 10:22:20 AM org.apache.solr.core.SolrCore execute
INFO: [development] webapp=/solr path=/select params={start=0&q=*:*&wt=ruby&fq=type:Item&rows=30} hits=5 status=0 QTime=1 
Mar 10, 2014 11:37:51 AM org.apache.solr.core.SolrCore execute
INFO: [development] webapp=/solr path=/select params={start=0&q=*:*&wt=ruby&fq=type:Item&rows=30} hits=5 status=0 QTime=286 
Mar 10, 2014 11:37:54 AM org.apache.solr.core.SolrCore execute
INFO: [development] webapp=/solr path=/select params={start=0&q=*:*&wt=ruby&fq=type:Item&rows=30} hits=5 status=0 QTime=1 
Mar 10, 2014 11:37:59 AM org.apache.solr.core.SolrCore execute
INFO: [development] webapp=/solr path=/select params={start=0&q=*:*&wt=ruby&fq=type:Item&rows=30} hits=5 status=0 QTime=1 
Mar 10, 2014 11:39:35 AM org.apache.solr.core.SolrCore execute
INFO: [development] webapp=/solr path=/select params={start=0&q=*:*&wt=ruby&fq=type:Item&rows=30} hits=5 status=0 QTime=5 
Mar 10, 2014 11:39:50 AM org.apache.solr.core.SolrCore execute
INFO: [development] webapp=/solr path=/select params={start=0&q=*:*&wt=ruby&fq=type:Item&rows=30} hits=5 status=0 QTime=2 
Mar 10, 2014 11:39:59 AM org.apache.solr.core.SolrCore execute
INFO: [development] webapp=/solr path=/select params={start=0&q=*:*&wt=ruby&fq=type:Item&rows=30} hits=5 status=0 QTime=4 
Mar 10, 2014 11:40:10 AM org.apache.solr.core.SolrCore execute
INFO: [development] webapp=/solr path=/select params={start=0&q=*:*&wt=ruby&fq=type:Item&rows=30} hits=5 status=0 QTime=4 
Mar 10, 2014 11:41:09 AM org.apache.solr.core.SolrCore execute
INFO: [development] webapp=/solr path=/select params={start=0&q=*:*&wt=ruby&fq=type:Item&rows=30} hits=5 status=0 QTime=6 
Mar 10, 2014 11:41:21 AM org.apache.solr.core.SolrCore execute
INFO: [development] webapp=/solr path=/select params={start=0&q=*:*&wt=ruby&fq=type:Item&rows=30} hits=5 status=0 QTime=16 
Mar 10, 2014 11:41:46 AM org.apache.solr.core.SolrCore execute
INFO: [development] webapp=/solr path=/select params={start=0&q=*:*&wt=ruby&fq=type:Item&rows=30} hits=5 status=0 QTime=1 
Mar 10, 2014 11:42:05 AM org.apache.solr.core.SolrCore execute
INFO: [development] webapp=/solr path=/select params={start=0&q=*:*&wt=ruby&fq=type:Item&rows=30} hits=5 status=0 QTime=2 
Mar 10, 2014 11:44:51 AM org.apache.solr.core.SolrCore execute
INFO: [development] webapp=/solr path=/select params={start=0&q=*:*&wt=ruby&fq=type:Item&rows=30} hits=5 status=0 QTime=17 
Mar 10, 2014 11:45:35 AM org.apache.solr.core.SolrCore execute
INFO: [development] webapp=/solr path=/select params={start=0&q=*:*&wt=ruby&fq=type:Item&rows=30} hits=5 status=0 QTime=6 
Mar 10, 2014 11:45:59 AM org.apache.solr.core.SolrCore execute
INFO: [development] webapp=/solr path=/select params={fl=*+score&start=0&q=best&qf=title_text&wt=ruby&fq=type:Item&rows=30&defType=edismax} hits=1 status=0 QTime=260 
